2025-06-07T02:53:01.359+05:30  INFO 86092 --- [spring-example] [restartedMain] c.g.e.EmployeepayrollappApplication      : Starting EmployeepayrollappApplication using Java 22.0.1 with PID 86092 (/Users/krethik/Desktop/employeepayrollapp/target/classes started by krethik in /Users/krethik/Desktop/employeepayrollapp)
2025-06-07T02:53:01.360+05:30  INFO 86092 --- [spring-example] [restartedMain] c.g.e.EmployeepayrollappApplication      : The following 2 profiles are active: "prod", "log"
2025-06-07T02:53:01.376+05:30  INFO 86092 --- [spring-example] [restartedMain] .e.DevToolsPropertyDefaultsPostProcessor : Devtools property defaults active! Set 'spring.devtools.add-properties' to 'false' to disable
2025-06-07T02:53:01.376+05:30  INFO 86092 --- [spring-example] [restartedMain] .e.DevToolsPropertyDefaultsPostProcessor : For additional web related logging consider setting the 'logging.level.web' property to 'DEBUG'
2025-06-07T02:53:01.642+05:30  INFO 86092 --- [spring-example] [restartedMain] .s.d.r.c.RepositoryConfigurationDelegate : Bootstrapping Spring Data JPA repositories in DEFAULT mode.
2025-06-07T02:53:01.662+05:30  INFO 86092 --- [spring-example] [restartedMain] .s.d.r.c.RepositoryConfigurationDelegate : Finished Spring Data repository scanning in 16 ms. Found 1 JPA repository interface.
2025-06-07T02:53:01.831+05:30  INFO 86092 --- [spring-example] [restartedMain] o.s.b.w.embedded.tomcat.TomcatWebServer  : Tomcat initialized with port 8080 (http)
2025-06-07T02:53:01.837+05:30  INFO 86092 --- [spring-example] [restartedMain] o.apache.catalina.core.StandardService   : Starting service [Tomcat]
2025-06-07T02:53:01.837+05:30  INFO 86092 --- [spring-example] [restartedMain] o.apache.catalina.core.StandardEngine    : Starting Servlet engine: [Apache Tomcat/10.1.41]
2025-06-07T02:53:01.853+05:30  INFO 86092 --- [spring-example] [restartedMain] o.a.c.c.C.[Tomcat].[localhost].[/]       : Initializing Spring embedded WebApplicationContext
2025-06-07T02:53:01.853+05:30  INFO 86092 --- [spring-example] [restartedMain] w.s.c.ServletWebServerApplicationContext : Root WebApplicationContext: initialization completed in 477 ms
2025-06-07T02:53:01.921+05:30  INFO 86092 --- [spring-example] [restartedMain] o.hibernate.jpa.internal.util.LogHelper  : HHH000204: Processing PersistenceUnitInfo [name: default]
2025-06-07T02:53:01.945+05:30  INFO 86092 --- [spring-example] [restartedMain] org.hibernate.Version                    : HHH000412: Hibernate ORM core version 6.6.15.Final
2025-06-07T02:53:01.958+05:30  INFO 86092 --- [spring-example] [restartedMain] o.h.c.internal.RegionFactoryInitiator    : HHH000026: Second-level cache disabled
2025-06-07T02:53:02.075+05:30  INFO 86092 --- [spring-example] [restartedMain] o.s.o.j.p.SpringPersistenceUnitInfo      : No LoadTimeWeaver setup: ignoring JPA class transformer
2025-06-07T02:53:02.089+05:30  INFO 86092 --- [spring-example] [restartedMain] com.zaxxer.hikari.HikariDataSource       : HikariPool-1 - Starting...
2025-06-07T02:53:02.277+05:30  INFO 86092 --- [spring-example] [restartedMain] com.zaxxer.hikari.pool.HikariPool        : HikariPool-1 - Added connection com.mysql.cj.jdbc.ConnectionImpl@2215f9fb
2025-06-07T02:53:02.278+05:30  INFO 86092 --- [spring-example] [restartedMain] com.zaxxer.hikari.HikariDataSource       : HikariPool-1 - Start completed.
2025-06-07T02:53:02.323+05:30  INFO 86092 --- [spring-example] [restartedMain] org.hibernate.orm.connections.pooling    : HHH10001005: Database info:
	Database JDBC URL [Connecting through datasource 'HikariDataSource (HikariPool-1)']
	Database driver: undefined/unknown
	Database version: 9.3
	Autocommit mode: undefined/unknown
	Isolation level: undefined/unknown
	Minimum pool size: undefined/unknown
	Maximum pool size: undefined/unknown
2025-06-07T02:53:02.661+05:30  INFO 86092 --- [spring-example] [restartedMain] o.h.e.t.j.p.i.JtaPlatformInitiator       : HHH000489: No JTA platform available (set 'hibernate.transaction.jta.platform' to enable JTA platform integration)
2025-06-07T02:53:02.757+05:30  INFO 86092 --- [spring-example] [restartedMain] j.LocalContainerEntityManagerFactoryBean : Initialized JPA EntityManagerFactory for persistence unit 'default'
2025-06-07T02:53:02.840+05:30  INFO 86092 --- [spring-example] [restartedMain] c.g.e.services.EmployeePayrollService    : EmployeePayrollService initialized.
2025-06-07T02:53:02.868+05:30  INFO 86092 --- [spring-example] [restartedMain] c.g.e.c.EmployeePayrollController        : EmployeePayrollController initialized via constructor injection.
2025-06-07T02:53:02.886+05:30  WARN 86092 --- [spring-example] [restartedMain] JpaBaseConfiguration$JpaWebConfiguration : spring.jpa.open-in-view is enabled by default. Therefore, database queries may be performed during view rendering. Explicitly configure spring.jpa.open-in-view to disable this warning
2025-06-07T02:53:02.999+05:30  INFO 86092 --- [spring-example] [restartedMain] o.s.b.a.h2.H2ConsoleAutoConfiguration    : H2 console available at '/h2-console'. Database available at 'jdbc:mysql://localhost:3306/EmpPayRoll?createDatabaseIfNotExist=true'
2025-06-07T02:53:03.021+05:30  INFO 86092 --- [spring-example] [restartedMain] o.s.b.d.a.OptionalLiveReloadServer       : LiveReload server is running on port 35729
2025-06-07T02:53:03.040+05:30  INFO 86092 --- [spring-example] [restartedMain] o.s.b.w.embedded.tomcat.TomcatWebServer  : Tomcat started on port 8080 (http) with context path '/'
2025-06-07T02:53:03.044+05:30  INFO 86092 --- [spring-example] [restartedMain] c.g.e.EmployeepayrollappApplication      : Started EmployeepayrollappApplication in 1.893 seconds (process running for 2.236)
2025-06-07T02:54:42.300+05:30  INFO 86092 --- [spring-example] [http-nio-8080-exec-1] o.a.c.c.C.[Tomcat].[localhost].[/]       : Initializing Spring DispatcherServlet 'dispatcherServlet'
2025-06-07T02:54:42.385+05:30  INFO 86092 --- [spring-example] [http-nio-8080-exec-1] c.g.e.c.EmployeePayrollController        : API Call: Received request to update employee with ID: 1 with new details: Krethik yadav
2025-06-07T02:54:42.391+05:30  INFO 86092 --- [spring-example] [http-nio-8080-exec-1] c.g.e.services.EmployeePayrollService    : Attempting to update employee with ID: 1 with new details: Krethik yadav
2025-06-07T02:54:42.421+05:30  WARN 86092 --- [spring-example] [http-nio-8080-exec-1] c.g.e.services.EmployeePayrollService    : Employee with ID: 1 not found for update.
2025-06-07T02:54:42.425+05:30  WARN 86092 --- [spring-example] [http-nio-8080-exec-1] c.g.e.e.EmployeePayrollExceptionHandler  : Handling EmployeeNotFoundException: Employee with ID: 1 not found for update.
2025-06-07T02:54:42.440+05:30  WARN 86092 --- [spring-example] [http-nio-8080-exec-1] .m.m.a.ExceptionHandlerExceptionResolver : Resolved [com.gevernova.employeepayrollapp.exceptionhandler.EmployeeNotFoundException: Employee with ID: 1 not found for update.]
2025-06-07T02:54:50.056+05:30 ERROR 86092 --- [spring-example] [http-nio-8080-exec-3] c.g.e.e.EmployeePayrollExceptionHandler  : Handling unhandled exception: Request method 'POST' is not supported Stack: org.springframework.web.HttpRequestMethodNotSupportedException: Request method 'POST' is not supported
2025-06-07T02:54:50.059+05:30  WARN 86092 --- [spring-example] [http-nio-8080-exec-3] .m.m.a.ExceptionHandlerExceptionResolver : Resolved [org.springframework.web.HttpRequestMethodNotSupportedException: Request method 'POST' is not supported]
2025-06-07T02:54:56.825+05:30 ERROR 86092 --- [spring-example] [http-nio-8080-exec-5] c.g.e.e.EmployeePayrollExceptionHandler  : Handling unhandled exception: Request method 'POST' is not supported Stack: org.springframework.web.HttpRequestMethodNotSupportedException: Request method 'POST' is not supported
2025-06-07T02:54:56.827+05:30  WARN 86092 --- [spring-example] [http-nio-8080-exec-5] .m.m.a.ExceptionHandlerExceptionResolver : Resolved [org.springframework.web.HttpRequestMethodNotSupportedException: Request method 'POST' is not supported]
2025-06-07T02:55:11.469+05:30  INFO 86092 --- [spring-example] [http-nio-8080-exec-6] c.g.e.c.EmployeePayrollController        : API Call: Received request to create new employee with details: Krethik yadav
2025-06-07T02:55:11.474+05:30  INFO 86092 --- [spring-example] [http-nio-8080-exec-6] c.g.e.services.EmployeePayrollService    : Attempting to create a new employee with details: Krethik yadav
2025-06-07T02:55:11.527+05:30  INFO 86092 --- [spring-example] [http-nio-8080-exec-6] c.g.e.services.EmployeePayrollService    : Successfully created new employee with ID: 1 and name: Krethik yadav
2025-06-07T02:55:11.542+05:30  INFO 86092 --- [spring-example] [http-nio-8080-exec-6] c.g.e.c.EmployeePayrollController        : API Call: Successfully created employee with ID: 1
2025-06-07T02:56:16.013+05:30  INFO 86092 --- [spring-example] [http-nio-8080-exec-10] c.g.e.c.EmployeePayrollController        : API Call: Received request to create new employee with details: Stuti Mehta
2025-06-07T02:56:16.017+05:30  INFO 86092 --- [spring-example] [http-nio-8080-exec-10] c.g.e.services.EmployeePayrollService    : Attempting to create a new employee with details: Stuti Mehta
2025-06-07T02:56:16.030+05:30  INFO 86092 --- [spring-example] [http-nio-8080-exec-10] c.g.e.services.EmployeePayrollService    : Successfully created new employee with ID: 2 and name: Stuti Mehta
2025-06-07T02:56:16.040+05:30  INFO 86092 --- [spring-example] [http-nio-8080-exec-10] c.g.e.c.EmployeePayrollController        : API Call: Successfully created employee with ID: 2
2025-06-07T02:56:38.266+05:30  INFO 86092 --- [spring-example] [SpringApplicationShutdownHook] o.s.b.w.e.tomcat.GracefulShutdown        : Commencing graceful shutdown. Waiting for active requests to complete
2025-06-07T02:56:40.283+05:30  INFO 86092 --- [spring-example] [tomcat-shutdown] o.s.b.w.e.tomcat.GracefulShutdown        : Graceful shutdown complete
2025-06-07T02:56:40.294+05:30  INFO 86092 --- [spring-example] [SpringApplicationShutdownHook] j.LocalContainerEntityManagerFactoryBean : Closing JPA EntityManagerFactory for persistence unit 'default'
2025-06-07T02:56:40.313+05:30  INFO 86092 --- [spring-example] [SpringApplicationShutdownHook] com.zaxxer.hikari.HikariDataSource       : HikariPool-1 - Shutdown initiated...
2025-06-07T02:56:40.318+05:30  INFO 86092 --- [spring-example] [SpringApplicationShutdownHook] com.zaxxer.hikari.HikariDataSource       : HikariPool-1 - Shutdown completed.
